# JRE version: OpenJDK Runtime Environment (17.0.9) (build 17.0.9+0--11185874)
# Java VM: OpenJDK 64-Bit Server VM (17.0.9+0--11185874, mixed mode, tiered, compressed oops, compressed class ptrs, g1 gc, windows-amd64)
GC Precious Log:
 CPUs: 12 total, 12 available
 Memory: 15694M
 Large Page Support: Disabled
 NUMA Support: Disabled
 Compressed Oops: Enabled (32-bit)
 Heap Region Size: 1M
 Heap Min Capacity: 8M
 Heap Initial Capacity: 246M
 Heap Max Capacity: 2G
 Pre-touch: Disabled
 Parallel Workers: 10
 Concurrent Workers: 3
 Concurrent Refinement Workers: 10
 Periodic GC: Disabled
Heap:
 garbage-first heap   total 219136K, used 139991K [0x0000000080000000, 0x0000000100000000)
  region size 1024K, 38 young (38912K), 6 survivors (6144K)
 Metaspace       used 107200K, committed 107968K, reserved 1179648K
  class space    used 14913K, committed 15296K, reserved 1048576K
GC Heap History (20 events):
Event: 13.551 GC heap before
{Heap before GC invocations=19 (full 0):
 garbage-first heap   total 106496K, used 81417K [0x0000000080000000, 0x0000000100000000)
  region size 1024K, 22 young (22528K), 2 survivors (2048K)
 Metaspace       used 62274K, committed 62848K, reserved 1114112K
  class space    used 8424K, committed 8704K, reserved 1048576K
}
Event: 13.553 GC heap after
{Heap after GC invocations=20 (full 0):
 garbage-first heap   total 106496K, used 61014K [0x0000000080000000, 0x0000000100000000)
  region size 1024K, 2 young (2048K), 2 survivors (2048K)
 Metaspace       used 62274K, committed 62848K, reserved 1114112K
  class space    used 8424K, committed 8704K, reserved 1048576K
}
Event: 13.923 GC heap before
{Heap before GC invocations=20 (full 0):
 garbage-first heap   total 106496K, used 82518K [0x0000000080000000, 0x0000000100000000)
  region size 1024K, 24 young (24576K), 2 survivors (2048K)
 Metaspace       used 64625K, committed 65152K, reserved 1114112K
  class space    used 8692K, committed 8960K, reserved 1048576K
}
Event: 13.925 GC heap after
{Heap after GC invocations=21 (full 0):
 garbage-first heap   total 106496K, used 61451K [0x0000000080000000, 0x0000000100000000)
  region size 1024K, 3 young (3072K), 3 survivors (3072K)
 Metaspace       used 64625K, committed 65152K, reserved 1114112K
  class space    used 8692K, committed 8960K, reserved 1048576K
}
Event: 14.333 GC heap before
{Heap before GC invocations=22 (full 0):
 garbage-first heap   total 107520K, used 85003K [0x0000000080000000, 0x0000000100000000)
  region size 1024K, 26 young (26624K), 3 survivors (3072K)
 Metaspace       used 67268K, committed 67776K, reserved 1114112K
  class space    used 9074K, committed 9280K, reserved 1048576K
}
Event: 14.337 GC heap after
{Heap after GC invocations=23 (full 0):
 garbage-first heap   total 219136K, used 62482K [0x0000000080000000, 0x0000000100000000)
  region size 1024K, 4 young (4096K), 4 survivors (4096K)
 Metaspace       used 67268K, committed 67776K, reserved 1114112K
  class space    used 9074K, committed 9280K, reserved 1048576K
}
Event: 16.036 GC heap before
{Heap before GC invocations=23 (full 0):
 garbage-first heap   total 219136K, used 178194K [0x0000000080000000, 0x0000000100000000)
  region size 1024K, 107 young (109568K), 4 survivors (4096K)
 Metaspace       used 75803K, committed 76416K, reserved 1179648K
  class space    used 10261K, committed 10560K, reserved 1048576K
}
Event: 16.043 GC heap after
{Heap after GC invocations=24 (full 0):
 garbage-first heap   total 219136K, used 74011K [0x0000000080000000, 0x0000000100000000)
  region size 1024K, 11 young (11264K), 11 survivors (11264K)
 Metaspace       used 75803K, committed 76416K, reserved 1179648K
  class space    used 10261K, committed 10560K, reserved 1048576K
}
Event: 17.848 GC heap before
{Heap before GC invocations=24 (full 0):
 garbage-first heap   total 219136K, used 165147K [0x0000000080000000, 0x0000000100000000)
  region size 1024K, 100 young (102400K), 11 survivors (11264K)
 Metaspace       used 82613K, committed 83200K, reserved 1179648K
  class space    used 11162K, committed 11456K, reserved 1048576K
}
Event: 17.856 GC heap after
{Heap after GC invocations=25 (full 0):
 garbage-first heap   total 219136K, used 80215K [0x0000000080000000, 0x0000000100000000)
  region size 1024K, 6 young (6144K), 6 survivors (6144K)
 Metaspace       used 82613K, committed 83200K, reserved 1179648K
  class space    used 11162K, committed 11456K, reserved 1048576K
}
Event: 19.924 GC heap before
{Heap before GC invocations=25 (full 0):
 garbage-first heap   total 219136K, used 171351K [0x0000000080000000, 0x0000000100000000)
  region size 1024K, 94 young (96256K), 6 survivors (6144K)
 Metaspace       used 89398K, committed 89984K, reserved 1179648K
  class space    used 12321K, committed 12608K, reserved 1048576K
}
Event: 19.930 GC heap after
{Heap after GC invocations=26 (full 0):
 garbage-first heap   total 219136K, used 83744K [0x0000000080000000, 0x0000000100000000)
  region size 1024K, 10 young (10240K), 10 survivors (10240K)
 Metaspace       used 89398K, committed 89984K, reserved 1179648K
  class space    used 12321K, committed 12608K, reserved 1048576K
}
Event: 21.363 GC heap before
{Heap before GC invocations=26 (full 0):
 garbage-first heap   total 219136K, used 174880K [0x0000000080000000, 0x0000000100000000)
  region size 1024K, 99 young (101376K), 10 survivors (10240K)
 Metaspace       used 96447K, committed 97152K, reserved 1179648K
  class space    used 13418K, committed 13760K, reserved 1048576K
}
Event: 21.373 GC heap after
{Heap after GC invocations=27 (full 0):
 garbage-first heap   total 219136K, used 89175K [0x0000000080000000, 0x0000000100000000)
  region size 1024K, 9 young (9216K), 9 survivors (9216K)
 Metaspace       used 96447K, committed 97152K, reserved 1179648K
  class space    used 13418K, committed 13760K, reserved 1048576K
}
Event: 22.767 GC heap before
{Heap before GC invocations=27 (full 0):
 garbage-first heap   total 219136K, used 177239K [0x0000000080000000, 0x0000000100000000)
  region size 1024K, 95 young (97280K), 9 survivors (9216K)
 Metaspace       used 102513K, committed 103232K, reserved 1179648K
  class space    used 14368K, committed 14720K, reserved 1048576K
}
Event: 22.779 GC heap after
{Heap after GC invocations=28 (full 0):
 garbage-first heap   total 219136K, used 96525K [0x0000000080000000, 0x0000000100000000)
  region size 1024K, 12 young (12288K), 12 survivors (12288K)
 Metaspace       used 102513K, committed 103232K, reserved 1179648K
  class space    used 14368K, committed 14720K, reserved 1048576K
}
Event: 23.628 GC heap before
{Heap before GC invocations=28 (full 0):
 garbage-first heap   total 219136K, used 177421K [0x0000000080000000, 0x0000000100000000)
  region size 1024K, 92 young (94208K), 12 survivors (12288K)
 Metaspace       used 103342K, committed 104064K, reserved 1179648K
  class space    used 14427K, committed 14784K, reserved 1048576K
}
Event: 23.641 GC heap after
{Heap after GC invocations=29 (full 0):
 garbage-first heap   total 219136K, used 103789K [0x0000000080000000, 0x0000000100000000)
  region size 1024K, 8 young (8192K), 8 survivors (8192K)
 Metaspace       used 103342K, committed 104064K, reserved 1179648K
  class space    used 14427K, committed 14784K, reserved 1048576K
}
Event: 24.752 GC heap before
{Heap before GC invocations=29 (full 0):
 garbage-first heap   total 219136K, used 177517K [0x0000000080000000, 0x0000000100000000)
  region size 1024K, 81 young (82944K), 8 survivors (8192K)
 Metaspace       used 106978K, committed 107712K, reserved 1179648K
  class space    used 14889K, committed 15232K, reserved 1048576K
}
Event: 24.761 GC heap after
{Heap after GC invocations=30 (full 0):
 garbage-first heap   total 219136K, used 109271K [0x0000000080000000, 0x0000000100000000)
  region size 1024K, 6 young (6144K), 6 survivors (6144K)
 Metaspace       used 106978K, committed 107712K, reserved 1179648K
  class space    used 14889K, committed 15232K, reserved 1048576K
}

